<?xml version="1.0" encoding="UTF-8"?>
<!-- Generated by org.testng.reporters.JUnitReportReporter -->
<testsuite hostname="mohit-Inspiron-3542" failures="0" tests="1" name="mohit_classroom.Mavenjava.appiumtest" time="0.018" errors="0" timestamp="2021-04-25T12:34:05 IST" skipped="0">
  <testcase classname="mohit_classroom.Mavenjava.appiumtest" name="iosapps" time="0.018"/>
  <system-out/>
</testsuite> <!-- mohit_classroom.Mavenjava.appiumtest -->
