<?xml version="1.0" encoding="UTF-8"?>
<!-- Generated by org.testng.reporters.JUnitReportReporter -->
<testsuite hostname="mohit-Inspiron-3542" failures="0" tests="2" name="mohit_classroom.Mavenjava.appiumTest" time="0.024" errors="0" timestamp="2021-04-25T13:20:16 IST" skipped="0">
  <testcase classname="mohit_classroom.Mavenjava.appiumTest" name="iosapps" time="0.021"/>
  <system-out/>
  <testcase classname="mohit_classroom.Mavenjava.appiumTest" name="nativeappandroid" time="0.003"/>
  <system-out/>
</testsuite> <!-- mohit_classroom.Mavenjava.appiumTest -->
