<?xml version="1.0" encoding="UTF-8"?>
<!-- Generated by org.testng.reporters.JUnitReportReporter -->
<testsuite hostname="mohit-Inspiron-3542" failures="0" tests="2" name="mohit_classroom.Mavenjava.seleniumTest" time="0.010" errors="0" timestamp="2021-04-25T13:20:16 IST" skipped="0">
  <testcase classname="mohit_classroom.Mavenjava.seleniumTest" name="browserautomation" time="0.007"/>
  <system-out/>
  <testcase classname="mohit_classroom.Mavenjava.seleniumTest" name="elementsui" time="0.003"/>
  <system-out/>
</testsuite> <!-- mohit_classroom.Mavenjava.seleniumTest -->
